<?xml version="1.0" encoding="UTF-8"?>
<!-- Generated by org.testng.reporters.JUnitReportReporter -->
<testsuite hostname="RAJASEKAR" name="com.tyss_practice.contactTest.CreateContactWithOrgNametTest" tests="1" failures="0" timestamp="3 Aug 2020 16:33:18 GMT" time="32.223" errors="0">
  <testcase name="createContactWithOrgtest" time="32.223" classname="com.tyss_practice.contactTest.CreateContactWithOrgNametTest"/>
</testsuite> <!-- com.tyss_practice.contactTest.CreateContactWithOrgNametTest -->
