<?xml version="1.0" encoding="UTF-8"?>
<!-- Generated by org.testng.reporters.JUnitReportReporter -->
<testsuite hostname="RAJASEKAR" name="com.tyss_practice.organiationTest.CreateOrganizationTest" tests="1" failures="0" timestamp="3 Aug 2020 16:31:57 GMT" time="67.351" errors="0">
  <testcase name="createORgtest" time="67.351" classname="com.tyss_practice.organiationTest.CreateOrganizationTest"/>
</testsuite> <!-- com.tyss_practice.organiationTest.CreateOrganizationTest -->
