<?xml version="1.0" encoding="UTF-8"?>
<!-- Generated by org.testng.reporters.JUnitReportReporter -->
<testsuite hostname="RAJASEKAR" name="com.tyss_practice.organiationTest.DeleteOrganizationTest" tests="1" failures="0" timestamp="4 Aug 2020 03:30:15 GMT" time="21.709" errors="0">
  <testcase name="deleteOrganization" time="21.709" classname="com.tyss_practice.organiationTest.DeleteOrganizationTest"/>
</testsuite> <!-- com.tyss_practice.organiationTest.DeleteOrganizationTest -->
