<?xml version="1.0" encoding="UTF-8"?>
<!-- Generated by org.testng.reporters.JUnitReportReporter -->
<testsuite hostname="RAJASEKAR" name="com.tyss_practice.contactTest.DeleteContactTest" tests="1" failures="0" timestamp="4 Aug 2020 03:30:57 GMT" time="32.553" errors="0">
  <testcase name="deleteContactWithOrganization" time="32.553" classname="com.tyss_practice.contactTest.DeleteContactTest"/>
</testsuite> <!-- com.tyss_practice.contactTest.DeleteContactTest -->
